TN:
SF:src/api/backend.js
FN:7,getJSON
FN:13,getOrders
FN:14,getInventory
FN:17,authGet
FN:22,authPost
FNF:5
FNH:4
FNDA:3,getJSON
FNDA:1,getOrders
FNDA:0,getInventory
FNDA:1,authGet
FNDA:1,authPost
DA:3,1
DA:8,3
DA:9,3
DA:10,2
DA:13,1
DA:14,0
DA:18,1
DA:19,1
DA:23,1
DA:24,1
LF:10
LH:9
BRDA:3,0,0,0
BRDA:3,0,1,1
BRDA:3,1,0,1
BRDA:3,1,1,1
BRDA:3,1,2,1
BRDA:7,2,0,1
BRDA:9,3,0,1
BRDA:9,3,1,2
BRDA:22,4,0,0
BRF:9
BRH:7
end_of_record
TN:
SF:src/components/Header.jsx
FN:4,Header
FN:8,handleLogout
FNF:2
FNH:1
FNDA:2,Header
FNDA:0,handleLogout
DA:5,2
DA:6,2
DA:9,0
DA:10,0
DA:13,2
LF:5
LH:3
BRDA:22,0,0,2
BRDA:22,0,1,1
BRF:2
BRH:2
end_of_record
TN:
SF:src/lib/auth.js
FN:3,getToken
FN:7,setToken
FN:11,clearToken
FN:15,getAuthHeader
FNF:4
FNH:4
FNDA:6,getToken
FNDA:3,setToken
FNDA:2,clearToken
FNDA:2,getAuthHeader
DA:1,3
DA:4,6
DA:8,3
DA:12,2
DA:16,2
DA:17,2
LF:6
LH:6
BRDA:17,0,0,1
BRDA:17,0,1,1
BRF:2
BRH:2
end_of_record
TN:
SF:src/lib/authContext.jsx
FN:6,AuthProvider
FN:7,(anonymous_1)
FN:9,(anonymous_2)
FN:11,onStorage
FN:13,(anonymous_4)
FN:16,login
FN:21,logout
FN:36,useAuth
FNF:8
FNH:6
FNDA:2,AuthProvider
FNDA:1,(anonymous_1)
FNDA:1,(anonymous_2)
FNDA:0,onStorage
FNDA:1,(anonymous_4)
FNDA:1,login
FNDA:0,logout
FNDA:7,useAuth
DA:4,1
DA:7,2
DA:9,2
DA:11,0
DA:12,1
DA:13,1
DA:17,1
DA:18,1
DA:22,0
DA:23,0
DA:26,2
DA:33,2
DA:37,7
DA:38,7
DA:39,7
LF:15
LH:12
BRDA:11,0,0,0
BRDA:11,0,1,0
BRDA:38,1,0,0
BRDA:38,1,1,7
BRF:4
BRH:1
end_of_record
TN:
SF:src/lib/cart.js
FN:4,read
FN:13,write
FN:17,makeItemKey
FN:22,getCart
FN:26,addItem
FN:29,(anonymous_5)
FN:45,updateItemQuantity
FN:47,(anonymous_7)
FN:56,removeItem
FN:58,(anonymous_9)
FN:63,clearCart
FNF:11
FNH:9
FNDA:7,read
FNDA:8,write
FNDA:4,makeItemKey
FNDA:0,getCart
FNDA:4,addItem
FNDA:0,(anonymous_5)
FNDA:2,updateItemQuantity
FNDA:2,(anonymous_7)
FNDA:1,removeItem
FNDA:1,(anonymous_9)
FNDA:1,clearCart
DA:2,1
DA:5,7
DA:6,7
DA:7,7
DA:9,0
DA:14,8
DA:19,4
DA:23,0
DA:27,4
DA:28,4
DA:29,4
DA:30,4
DA:39,4
DA:40,0
DA:41,4
DA:42,4
DA:46,2
DA:47,2
DA:48,2
DA:49,2
DA:50,1
DA:51,2
DA:53,2
DA:57,1
DA:58,1
DA:59,1
DA:60,1
DA:63,1
LF:28
LH:25
BRDA:7,0,0,4
BRDA:7,0,1,3
BRDA:19,1,0,0
BRDA:19,1,1,4
BRDA:26,2,0,0
BRDA:33,3,0,4
BRDA:33,3,1,4
BRDA:34,4,0,4
BRDA:34,4,1,4
BRDA:36,5,0,4
BRDA:36,5,1,0
BRDA:36,5,2,0
BRDA:39,6,0,4
BRDA:39,6,1,0
BRDA:48,7,0,2
BRDA:48,7,1,0
BRDA:49,8,0,1
BRDA:49,8,1,1
BRF:18
BRH:12
end_of_record
TN:
SF:src/pages/Login.jsx
FN:5,Login
FN:13,handleSubmit
FN:27,(anonymous_2)
FN:55,(anonymous_3)
FN:67,(anonymous_4)
FNF:5
FNH:4
FNDA:5,Login
FNDA:1,handleSubmit
FNDA:0,(anonymous_2)
FNDA:1,(anonymous_3)
FNDA:1,(anonymous_4)
DA:6,5
DA:7,5
DA:8,5
DA:9,5
DA:10,5
DA:11,5
DA:14,1
DA:15,1
DA:16,1
DA:17,1
DA:19,1
DA:20,1
DA:21,1
DA:26,1
DA:27,0
DA:28,0
DA:30,1
DA:32,1
DA:33,1
DA:34,1
DA:36,0
DA:39,0
DA:41,1
DA:45,5
DA:55,1
DA:67,1
LF:26
LH:22
BRDA:16,0,0,0
BRDA:16,0,1,1
BRDA:17,1,0,0
BRDA:17,1,1,1
BRDA:26,2,0,0
BRDA:26,2,1,1
BRDA:28,3,0,0
BRDA:28,3,1,0
BRDA:32,4,0,1
BRDA:32,4,1,0
BRDA:32,5,0,1
BRDA:32,5,1,1
BRDA:39,6,0,0
BRDA:39,6,1,0
BRDA:49,7,0,5
BRDA:49,7,1,0
BRDA:80,8,0,1
BRDA:80,8,1,4
BRF:18
BRH:9
end_of_record
TN:
SF:src/utils/search.js
FN:2,searchProducts
FN:6,(anonymous_1)
FN:10,(anonymous_2)
FNF:3
FNH:3
FNDA:2,searchProducts
FNDA:3,(anonymous_1)
FNDA:3,(anonymous_2)
DA:3,2
DA:4,2
DA:5,2
DA:6,3
DA:8,2
DA:10,1
DA:11,3
DA:12,3
DA:15,2
DA:16,2
DA:17,2
DA:18,2
LF:12
LH:12
BRDA:2,0,0,0
BRDA:2,1,0,1
BRDA:2,2,0,1
BRDA:2,3,0,0
BRDA:2,4,0,0
BRDA:4,5,0,2
BRDA:4,5,1,1
BRDA:5,6,0,1
BRDA:5,6,1,1
BRDA:6,7,0,3
BRDA:6,7,1,0
BRDA:8,8,0,1
BRDA:8,8,1,1
BRDA:11,9,0,3
BRDA:11,9,1,0
BRDA:11,10,0,3
BRDA:11,10,1,0
BRF:17
BRH:11
end_of_record
